app/build/outputs/mapping/release/seeds.txt
com.kakacat.minitool.R$id: int action_bar_subtitle
com.kakacat.minitool.epidemicinquiry.TitleView: void setCountColor(int)
com.kakacat.minitool.R$id: int rb_sort_by_target_api
com.kakacat.minitool.R$styleable: int FloatingActionButton_hoveredFocusedTranslationZ
com.kakacat.minitool.R$styleable: int ViewBackgroundHelper_backgroundTintMode
com.kakacat.minitool.R$styleable: int CollapsingToolbarLayout_titleEnabled
com.kakacat.minitool.R$styleable: int ConstraintSet_layout_constraintHorizontal_weight
com.kakacat.minitool.R$styleable: int Chip_checkedIconEnabled
com.kakacat.minitool.R$styleable: int Chip_chipCornerRadius
com.kakacat.minitool.R$styleable: int MenuView_android_verticalDivider
com.kakacat.minitool.R$id: int rb_sort_by_min_api
com.kakacat.minitool.R$id: int showTitle
com.kakacat.minitool.R$styleable: int FontFamilyFont_android_fontWeight
com.kakacat.minitool.R$styleable: int Slider_trackColor
com.kakacat.minitool.R$styleable: int NavigationView_headerLayout
com.kakacat.minitool.R$styleable: int ActionBar_homeAsUpIndicator
com.kakacat.minitool.R$styleable: int ConstraintSet_android_rotationY
com.kakacat.minitool.R$styleable: int[] MaterialButtonToggleGroup
com.kakacat.minitool.R$styleable: int Toolbar_titleMarginStart
com.kakacat.minitool.R$styleable: int ActionMode_titleTextStyle
com.kakacat.minitool.R$styleable: int ShapeableImageView_shapeAppearanceOverlay
com.kakacat.minitool.R$styleable: int[] ActionBarLayout
com.kakacat.minitool.R$id: int et_input_ip
com.kakacat.minitool.R$id: int action_mode_close_button
com.kakacat.minitool.R$styleable: int ConstraintLayout_Layout_layout_constraintBaseline_toBaselineOf
com.kakacat.minitool.common.ui.view.CircleProgressView: int getProgress()
com.kakacat.minitool.R$id: int rv_app_info
com.kakacat.minitool.R$styleable: int AppCompatTheme_borderlessButtonStyle
com.kakacat.minitool.R$id: int rv_from
com.kakacat.minitool.R$id: int save_non_transition_alpha
com.kakacat.minitool.R$styleable: int AppCompatTheme_actionModeWebSearchDrawable
com.kakacat.minitool.R$id: int tv_min_api
com.kakacat.minitool.R$styleable: int Chip_android_maxWidth
com.kakacat.minitool.R$id: int tv_zip
com.kakacat.minitool.R$id: int tv_encryption_method
com.kakacat.minitool.R$styleable: int GenericDraweeHierarchy_roundBottomEnd
com.kakacat.minitool.R$id: int tv_company_tel
com.kakacat.minitool.R$styleable: int BottomNavigationView_itemRippleColor
com.kakacat.minitool.R$styleable: int ConstraintSet_barrierAllowsGoneWidgets
com.kakacat.minitool.R$id: int chip2
com.kakacat.minitool.R$styleable: int AppCompatTheme_checkedTextViewStyle
com.kakacat.minitool.R$styleable: int AppCompatTheme_editTextStyle
com.kakacat.minitool.R$styleable: int Slider_trackColorActive
com.kakacat.minitool.R$styleable: int GenericDraweeHierarchy_roundTopRight
com.kakacat.minitool.R$id: int centerCrop
com.kakacat.minitool.R$styleable: int[] SwitchCompat
com.kakacat.minitool.R$styleable: int BottomNavigationView_menu
com.kakacat.minitool.R$styleable: int ConstraintSet_android_layout_marginStart
com.kakacat.minitool.R$id: int beginning
com.kakacat.minitool.R$id: int accessibility_custom_action_2
com.kakacat.minitool.R$styleable: int SimpleDraweeView_placeholderImageScaleType
com.kakacat.minitool.R$styleable: int[] ViewPager2
com.kakacat.minitool.R$styleable: int AppCompatTheme_actionBarDivider
com.kakacat.minitool.R$styleable: int GradientColor_android_endX
com.kakacat.minitool.R$id: int enterAlwaysCollapsed
com.kakacat.minitool.R$id: int action_mode_bar_stub
com.kakacat.minitool.R$styleable: int SnackbarLayout_actionTextColorAlpha
com.kakacat.minitool.R$styleable: int FloatingActionButton_useCompatPadding
com.kakacat.minitool.R$styleable: int MenuGroup_android_orderInCategory
com.kakacat.minitool.R$styleable: int AppCompatTheme_listPreferredItemPaddingStart
com.kakacat.minitool.R$id: int notification_background
com.kakacat.minitool.R$styleable: int LinearLayoutCompat_android_gravity
...
androidx.appcompat.R$attr: int drawableTintMode
androidx.appcompat.widget.ActivityChooserView: ActivityChooserView(android.content.Context)
com.google.android.material.R$id: int chip3
com.google.android.material.button.MaterialButtonToggleGroup: void setupButtonChild(com.google.android.material.button.MaterialButton)
androidx.appcompat.R$style: int Base_Widget_AppCompat_Spinner
com.google.android.material.R$attr: int chipCornerRadius
com.facebook.imagepipeline.nativecode.DalvikPurgeableDecoder: DalvikPurgeableDecoder()
androidx.appcompat.R$string: int abc_prepend_shortcut_label
com.google.android.material.datepicker.Month: android.os.Parcelable$Creator CREATOR
com.google.android.material.R$dimen: int abc_action_button_min_width_overflow_material
com.google.android.material.R$dimen: int abc_seekbar_track_progress_height_material
androidx.appcompat.widget.AppCompatButton: android.graphics.PorterDuff$Mode getSupportBackgroundTintMode()
androidx.appcompat.R$color: int abc_btn_colored_borderless_text_material
com.google.android.material.snackbar.BaseTransientBottomBar$Behavior: BaseTransientBottomBar$Behavior()
androidx.fragment.app.FragmentState: android.os.Parcelable$Creator CREATOR
com.google.android.material.R$attr: int tabPaddingBottom
com.google.android.material.appbar.CollapsingToolbarLayout: void setExpandedTitleMarginTop(int)
com.google.android.material.R$attr: int floatingActionButtonStyle
com.google.android.material.snackbar.Snackbar$SnackbarLayout: void setBackgroundTintList(android.content.res.ColorStateList)
com.google.android.material.bottomnavigation.BottomNavigationMenuView: void setItemHorizontalTranslationEnabled(boolean)
com.google.android.material.R$style: int TextAppearance_AppCompat
com.google.android.material.R$attr: int listPopupWindowStyle
androidx.appcompat.widget.ActionBarContainer: void setSplitBackground(android.graphics.drawable.Drawable)
com.google.android.material.R$style: int Base_Theme_AppCompat_Dialog_MinWidth
com.facebook.drawee.R$styleable: int FontFamilyFont_fontVariationSettings
androidx.appcompat.R$style: int Widget_AppCompat_ProgressBar_Horizontal
androidx.appcompat.R$styleable: int AppCompatTextHelper_android_textAppearance
com.google.android.material.R$attr: int tooltipStyle
androidx.appcompat.R$attr: int subtitleTextColor
androidx.cardview.R$styleable: int CardView_cardBackgroundColor
androidx.viewpager.widget.PagerTabStrip: void setBackgroundColor(int)
com.google.android.material.R$drawable: int btn_radio_on_to_off_mtrl_animation
com.google.android.material.slider.BaseSlider: void setHaloTintList(android.content.res.ColorStateList)
com.google.android.material.bottomappbar.BottomAppBar: void setBackgroundTint(android.content.res.ColorStateList)
com.google.android.material.snackbar.SnackbarContentLayout: void setMaxInlineActionWidth(int)
com.google.android.material.textfield.PasswordToggleEndIconDelegate$4
androidx.fragment.R$id: int accessibility_custom_action_13
android.support.v4.media.session.PlaybackStateCompat
com.google.android.material.R$styleable: int FontFamily_fontProviderQuery
com.google.android.material.R$attr: int searchHintIcon
com.google.android.material.R$color: int abc_btn_colored_text_material
androidx.lifecycle.Lifecycle$Event: androidx.lifecycle.Lifecycle$Event ON_RESUME
androidx.appcompat.R$drawable: int abc_ic_star_black_48dp
com.google.android.material.R$styleable: int Chip_closeIconStartPadding
com.google.android.material.R$id: int month_navigation_bar
androidx.appcompat.R$attr: int displayOptions
androidx.appcompat.R$style: int Base_V21_Theme_AppCompat_Light
com.google.android.material.R$color: int material_on_surface_disabled
com.google.android.material.R$styleable: int MaterialAlertDialogTheme_materialAlertDialogTitlePanelStyle
androidx.appcompat.widget.Toolbar: void setOnMenuItemClickListener(androidx.appcompat.widget.Toolbar$OnMenuItemClickListener)
androidx.appcompat.widget.AppCompatTextView: android.graphics.PorterDuff$Mode getSupportBackgroundTintMode()