app/build/outputs/mapping/release/usage.txt
com.kakacat.minitool.expressinquiry.model.Model$initData$2
com.kakacat.minitool.cleanfile.MyFragment:
    public android.view.View _$_findCachedViewById(int)
com.kakacat.minitool.currencyconversion.CountryAdapter:
    public static final synthetic void access$setListener$p(com.kakacat.minitool.currencyconversion.CountryAdapter,com.kakacat.minitool.common.ui.RecycleViewListener$OnItemClick)
com.kakacat.minitool.expressinquiry.activity.ExpressInquiryActivity:
    public static final synthetic void access$setPresenter$p(com.kakacat.minitool.expressinquiry.activity.ExpressInquiryActivity,com.kakacat.minitool.expressinquiry.Contract$Presenter)
    public android.view.View _$_findCachedViewById(int)
    public void _$_clearFindViewByIdCache()
    private java.util.HashMap _$_findViewCache
com.kakacat.minitool.garbageclassify.model.Model:
    private static final java.lang.String HOST
    private static final java.lang.String KEY
com.kakacat.minitool.main.model.AboutItem:
    public final void setIconId(int)
    public final void setTitle(java.lang.String)
com.kakacat.minitool.fakebattery.FakeBatteryView$Companion
com.kakacat.minitool.expressinquiry.model.PackageDetail:
    public void <init>(java.lang.String,java.lang.String)
    public final void setTime(java.lang.String)
    public final void setContent(java.lang.String)
com.kakacat.minitool.cleanfile.model.FileItem:
    public static synthetic com.kakacat.minitool.cleanfile.model.FileItem copy$default(com.kakacat.minitool.cleanfile.model.FileItem,java.io.File,boolean,int,java.lang.Object)
    public final void setFile(java.io.File)
    public final java.io.File component1()
    public final boolean component2()
    public final com.kakacat.minitool.cleanfile.model.FileItem copy(java.io.File,boolean)
com.kakacat.minitool.main.adapter.AboutItemAdapter:
    public static final synthetic android.view.LayoutInflater access$getLayoutInflater$p(com.kakacat.minitool.main.adapter.AboutItemAdapter)
    public static final synthetic void access$setLayoutInflater$p(com.kakacat.minitool.main.adapter.AboutItemAdapter,android.view.LayoutInflater)
    public static final synthetic void access$setClickListener$p(com.kakacat.minitool.main.adapter.AboutItemAdapter,com.kakacat.minitool.common.ui.RecycleViewListener$OnItemClick)
com.kakacat.minitool.expressinquiry.model.Model$initData$1
com.kakacat.minitool.currencyconversion.CountryFragment:
    public android.view.View _$_findCachedViewById(int)
com.kakacat.minitool.R$style
com.kakacat.minitool.phoneartribution.PhoneAttributionActivity:
    public static final synthetic void access$setPresenter$p(com.kakacat.minitool.phoneartribution.PhoneAttributionActivity,com.kakacat.minitool.phoneartribution.Contract$Presenter)
    public android.view.View _$_findCachedViewById(int)
    public void _$_clearFindViewByIdCache()
    private java.util.HashMap _$_findViewCache
com.kakacat.minitool.wifipasswordview.Contract
com.kakacat.minitool.currencyconversion.Contract
com.kakacat.minitool.R$drawable
com.kakacat.minitool.common.ui.RecycleViewScrollListener$LayoutManagerType
com.kakacat.minitool.expressinquiry.adapter.DeliveryAdapter:
    public static final synthetic android.view.LayoutInflater access$getInflater$p(com.kakacat.minitool.expressinquiry.adapter.DeliveryAdapter)
    public static final synthetic void access$setInflater$p(com.kakacat.minitool.expressinquiry.adapter.DeliveryAdapter,android.view.LayoutInflater)
    public static final synthetic void access$setListener$p(com.kakacat.minitool.expressinquiry.adapter.DeliveryAdapter,com.kakacat.minitool.common.ui.RecycleViewListener$OnItemClick)
com.kakacat.minitool.translation.model.Model:
    private final java.util.List readCollectionFromLocal(android.content.Context)
    public final void setCollectionList(java.util.List)
    private static final java.lang.String TRANSLATE_APP_ID
    private static final java.lang.String TRANSLATE_SECRET_KEY
    private static final java.lang.String TRANSLATE_HOST
...
kotlinx.coroutines.channels.ChannelsKt__Channels_commonKt$toChannel$1
androidx.recyclerview.widget.DiffUtil$DiffResult
kotlinx.coroutines.selects.UnbiasedSelectBuilderImpl$invoke$1
com.google.android.material.transition.TransitionUtils
kotlinx.coroutines.channels.ChannelsKt__Channels_commonKt$minWith$1
androidx.core.text.TextUtilsCompat:
    public static java.lang.String htmlEncode(java.lang.String)
    private void <init>()
    private static final java.lang.String ARAB_SCRIPT_SUBTAG
    private static final java.lang.String HEBR_SCRIPT_SUBTAG
androidx.appcompat.resources.R$style
androidx.core.graphics.ImageDecoderKt$decodeBitmap$1
okio.Okio__OkioKt:
    public static final okio.Sink blackhole()
androidx.core.app.NotificationCompat$Action$WearableExtender
com.facebook.nativefilters.BuildConfig
androidx.core.view.ViewCompat$Api21Impl:
    private void <init>()
kotlinx.coroutines.flow.FlowKt__DistinctKt$distinctUntilChangedBy$$inlined$unsafeFlow$3$1
com.google.android.material.drawable.DrawableUtils:
    private void <init>()
    public static android.util.AttributeSet parseDrawableXml(android.content.Context,int,java.lang.CharSequence)
androidx.core.content.ContentValuesKt
com.facebook.cache.disk.DiskStorage:
    public abstract boolean isEnabled()
    public abstract boolean contains(java.lang.String,java.lang.Object)
    public abstract boolean touch(java.lang.String,java.lang.Object)
    public abstract void clearAll()
    public abstract com.facebook.cache.disk.DiskStorage$DiskDumpInfo getDumpInfo()
    public abstract java.lang.String getStorageName()
kotlin.comparisons.ComparisonsKt__ComparisonsKt$thenByDescending$2
androidx.versionedparcelable.ParcelImpl:
    public void <init>(androidx.versionedparcelable.VersionedParcelable)
    public androidx.versionedparcelable.VersionedParcelable getVersionedParcel()
com.facebook.cache.disk.DiskStorage$DiskDumpInfoEntry
kotlinx.coroutines.flow.FlowKt__ZipKt$combine$$inlined$unsafeFlow$3$lambda$2
androidx.appcompat.app.AppCompatDialog:
    protected void <init>(android.content.Context,boolean,android.content.DialogInterface$OnCancelListener)
    public androidx.appcompat.app.ActionBar getSupportActionBar()
com.facebook.common.executors.StatefulRunnable:
    protected static final int STATE_CREATED
    protected static final int STATE_STARTED
    protected static final int STATE_CANCELLED
    protected static final int STATE_FINISHED
    protected static final int STATE_FAILED
androidx.core.view.animation.PathInterpolatorApi14
androidx.fragment.app.FragmentActivity:
    public void <init>(int)
    public void supportFinishAfterTransition()
    public void setEnterSharedElementCallback(androidx.core.app.SharedElementCallback)
    public void setExitSharedElementCallback(androidx.core.app.SharedElementCallback)
    public void supportPostponeEnterTransition()
    public void supportStartPostponedEnterTransition()
    public androidx.loader.app.LoaderManager getSupportLoaderManager()
    public void startActivityFromFragment(androidx.fragment.app.Fragment,android.content.Intent,int)
    public void startIntentSenderFromFragment(androidx.fragment.app.Fragment,android.content.IntentSender,int,android.content.Intent,int,int,int,android.os.Bundle)
    private static final java.lang.String TAG
    static final java.lang.String FRAGMENTS_TAG
    static final java.lang.String NEXT_CANDIDATE_REQUEST_INDEX_TAG
    static final java.lang.String ALLOCATED_REQUEST_INDICIES_TAG
    static final java.lang.String REQUEST_FRAGMENT_WHO_TAG
    static final int MAX_NUM_PENDING_FRAGMENT_ACTIVITY_RESULTS
kotlinx.coroutines.flow.FlowKt__DistinctKt$distinctUntilChangedBy$$inlined$unsafeFlow$2
org.intellij.lang.annotations.JdkConstants$ListSelectionMode
androidx.localbroadcastmanager.content.LocalBroadcastManager$1
androidx.core.app.NotificationManagerCompat$SideChannelManager
androidx.media.VolumeProviderCompatApi21$Delegate